[2016-10-20 14:46:10,647] root INFO: Started
[2016-10-20 14:46:10,648] root INFO:     ______            ____                      __                __
[2016-10-20 14:46:10,648] root INFO:    / ____/      __   / __ \____ _      ______  / /___  ____ _____/ /
[2016-10-20 14:46:10,649] root INFO:   / /_  | | /| / /  / / / / __ \ | /| / / __ \/ / __ \/ __ `/ __  / 
[2016-10-20 14:46:10,649] root INFO:  / __/  | |/ |/ /  / /_/ / /_/ / |/ |/ / / / / / /_/ / /_/ / /_/ /  
[2016-10-20 14:46:10,650] root INFO: /_/     |__/|__/  /_____/\____/|__/|__/_/ /_/_/\____/\__,_/\__,_/   
[2016-10-20 14:46:20,316] root INFO: in case 8, check net but network Fail, use origine,  origine ok
[2016-10-20 14:46:20,317] root INFO: fw ok, can download
[2016-10-20 14:49:07,479] root INFO: Started
[2016-10-20 14:49:07,481] root INFO:     ______            ____                      __                __
[2016-10-20 14:49:07,482] root INFO:    / ____/      __   / __ \____ _      ______  / /___  ____ _____/ /
[2016-10-20 14:49:07,482] root INFO:   / /_  | | /| / /  / / / / __ \ | /| / / __ \/ / __ \/ __ `/ __  / 
[2016-10-20 14:49:07,483] root INFO:  / __/  | |/ |/ /  / /_/ / /_/ / |/ |/ / / / / / /_/ / /_/ / /_/ /  
[2016-10-20 14:49:07,483] root INFO: /_/     |__/|__/  /_____/\____/|__/|__/_/ /_/_/\____/\__,_/\__,_/   
[2016-10-20 14:49:16,636] root INFO: in case 5, check net, network ok, No new available, origine still ok
[2016-10-20 14:49:16,636] root INFO: fw ok, can download
[2016-10-20 17:27:05,669] root INFO: Started
[2016-10-20 17:27:05,671] root INFO:     ______            ____                      __                __
[2016-10-20 17:27:05,671] root INFO:    / ____/      __   / __ \____ _      ______  / /___  ____ _____/ /
[2016-10-20 17:27:05,671] root INFO:   / /_  | | /| / /  / / / / __ \ | /| / / __ \/ / __ \/ __ `/ __  / 
[2016-10-20 17:27:05,672] root INFO:  / __/  | |/ |/ /  / /_/ / /_/ / |/ |/ / / / / / /_/ / /_/ / /_/ /  
[2016-10-20 17:27:05,672] root INFO: /_/     |__/|__/  /_____/\____/|__/|__/_/ /_/_/\____/\__,_/\__,_/   
[2016-10-20 17:27:14,778] root INFO: in case 5, check net, network ok, No new available, origine still ok
[2016-10-20 17:27:14,779] root INFO: fw ok, can download
[2016-10-22 10:31:11,807] root INFO: Started
[2016-10-22 10:31:11,809] root INFO:     ______            ____                      __                __
[2016-10-22 10:31:11,809] root INFO:    / ____/      __   / __ \____ _      ______  / /___  ____ _____/ /
[2016-10-22 10:31:11,809] root INFO:   / /_  | | /| / /  / / / / __ \ | /| / / __ \/ / __ \/ __ `/ __  / 
[2016-10-22 10:31:11,809] root INFO:  / __/  | |/ |/ /  / /_/ / /_/ / |/ |/ / / / / / /_/ / /_/ / /_/ /  
[2016-10-22 10:31:11,810] root INFO: /_/     |__/|__/  /_____/\____/|__/|__/_/ /_/_/\____/\__,_/\__,_/   
[2016-10-22 10:31:20,945] root INFO: in case 5, check net, network ok, No new available, origine still ok
[2016-10-22 10:31:20,946] root INFO: fw ok, can download
[2016-10-22 13:56:38,047] root INFO: Started
[2016-10-22 13:56:38,048] root INFO:     ______            ____                      __                __
[2016-10-22 13:56:38,048] root INFO:    / ____/      __   / __ \____ _      ______  / /___  ____ _____/ /
[2016-10-22 13:56:38,049] root INFO:   / /_  | | /| / /  / / / / __ \ | /| / / __ \/ / __ \/ __ `/ __  / 
[2016-10-22 13:56:38,049] root INFO:  / __/  | |/ |/ /  / /_/ / /_/ / |/ |/ / / / / / /_/ / /_/ / /_/ /  
[2016-10-22 13:56:38,049] root INFO: /_/     |__/|__/  /_____/\____/|__/|__/_/ /_/_/\____/\__,_/\__,_/   
[2016-10-22 13:56:47,131] root INFO: in case 5, check net, network ok, No new available, origine still ok
[2016-10-22 13:56:47,131] root INFO: fw ok, can download
[2016-10-22 14:42:25,879] root INFO: Started
[2016-10-22 14:42:25,881] root INFO:     ______            ____                      __                __
[2016-10-22 14:42:25,881] root INFO:    / ____/      __   / __ \____ _      ______  / /___  ____ _____/ /
[2016-10-22 14:42:25,881] root INFO:   / /_  | | /| / /  / / / / __ \ | /| / / __ \/ / __ \/ __ `/ __  / 
[2016-10-22 14:42:25,882] root INFO:  / __/  | |/ |/ /  / /_/ / /_/ / |/ |/ / / / / / /_/ / /_/ / /_/ /  
[2016-10-22 14:42:25,882] root INFO: /_/     |__/|__/  /_____/\____/|__/|__/_/ /_/_/\____/\__,_/\__,_/   
[2016-10-22 14:42:34,989] root INFO: in case 5, check net, network ok, No new available, origine still ok
[2016-10-22 14:42:34,990] root INFO: fw ok, can download
[2016-10-22 17:41:02,422] root INFO: Started
[2016-10-22 17:41:02,424] root INFO:     ______            ____                      __                __
[2016-10-22 17:41:02,424] root INFO:    / ____/      __   / __ \____ _      ______  / /___  ____ _____/ /
[2016-10-22 17:41:02,425] root INFO:   / /_  | | /| / /  / / / / __ \ | /| / / __ \/ / __ \/ __ `/ __  / 
[2016-10-22 17:41:02,425] root INFO:  / __/  | |/ |/ /  / /_/ / /_/ / |/ |/ / / / / / /_/ / /_/ / /_/ /  
[2016-10-22 17:41:02,425] root INFO: /_/     |__/|__/  /_____/\____/|__/|__/_/ /_/_/\____/\__,_/\__,_/   
[2016-10-22 17:41:12,340] root INFO: in case 5, check net, network ok, No new available, origine still ok
[2016-10-22 17:41:12,341] root INFO: fw ok, can download
[2016-10-24 17:28:50,650] root INFO: Started
[2016-10-24 17:28:50,652] root INFO:     ______            ____                      __                __
[2016-10-24 17:28:50,652] root INFO:    / ____/      __   / __ \____ _      ______  / /___  ____ _____/ /
[2016-10-24 17:28:50,653] root INFO:   / /_  | | /| / /  / / / / __ \ | /| / / __ \/ / __ \/ __ `/ __  / 
[2016-10-24 17:28:50,653] root INFO:  / __/  | |/ |/ /  / /_/ / /_/ / |/ |/ / / / / / /_/ / /_/ / /_/ /  
[2016-10-24 17:28:50,653] root INFO: /_/     |__/|__/  /_____/\____/|__/|__/_/ /_/_/\____/\__,_/\__,_/   
[2016-10-24 17:28:59,778] root INFO: in case 5, check net, network ok, No new available, origine still ok
[2016-10-24 17:28:59,779] root INFO: fw ok, can download
[2016-10-25 11:33:04,636] root INFO: Started
[2016-10-25 11:33:04,639] root INFO:     ______            ____                      __                __
[2016-10-25 11:33:04,639] root INFO:    / ____/      __   / __ \____ _      ______  / /___  ____ _____/ /
[2016-10-25 11:33:04,640] root INFO:   / /_  | | /| / /  / / / / __ \ | /| / / __ \/ / __ \/ __ `/ __  / 
[2016-10-25 11:33:04,640] root INFO:  / __/  | |/ |/ /  / /_/ / /_/ / |/ |/ / / / / / /_/ / /_/ / /_/ /  
[2016-10-25 11:33:04,640] root INFO: /_/     |__/|__/  /_____/\____/|__/|__/_/ /_/_/\____/\__,_/\__,_/   
[2016-10-25 11:33:14,647] root INFO: in case 5, check net, network ok, No new available, origine still ok
[2016-10-25 11:33:14,647] root INFO: fw ok, can download
[2016-10-25 11:34:42,787] root INFO: Started
[2016-10-25 11:34:42,789] root INFO:     ______            ____                      __                __
[2016-10-25 11:34:42,790] root INFO:    / ____/      __   / __ \____ _      ______  / /___  ____ _____/ /
[2016-10-25 11:34:42,790] root INFO:   / /_  | | /| / /  / / / / __ \ | /| / / __ \/ / __ \/ __ `/ __  / 
[2016-10-25 11:34:42,791] root INFO:  / __/  | |/ |/ /  / /_/ / /_/ / |/ |/ / / / / / /_/ / /_/ / /_/ /  
[2016-10-25 11:34:42,791] root INFO: /_/     |__/|__/  /_____/\____/|__/|__/_/ /_/_/\____/\__,_/\__,_/   
[2016-10-25 11:34:51,910] root INFO: in case 5, check net, network ok, No new available, origine still ok
[2016-10-25 11:34:51,911] root INFO: fw ok, can download
[2016-10-25 14:55:40,725] root INFO: Started
[2016-10-25 14:55:40,727] root INFO:     ______            ____                      __                __
[2016-10-25 14:55:40,728] root INFO:    / ____/      __   / __ \____ _      ______  / /___  ____ _____/ /
[2016-10-25 14:55:40,728] root INFO:   / /_  | | /| / /  / / / / __ \ | /| / / __ \/ / __ \/ __ `/ __  / 
[2016-10-25 14:55:40,729] root INFO:  / __/  | |/ |/ /  / /_/ / /_/ / |/ |/ / / / / / /_/ / /_/ / /_/ /  
[2016-10-25 14:55:40,729] root INFO: /_/     |__/|__/  /_____/\____/|__/|__/_/ /_/_/\____/\__,_/\__,_/   
[2016-10-25 14:55:51,844] root INFO: in case 5, check net, network ok, No new available, origine still ok
[2016-10-25 14:55:51,845] root INFO: fw ok, can download
[2016-10-25 14:56:48,976] root INFO: Started
[2016-10-25 14:56:48,978] root INFO:     ______            ____                      __                __
[2016-10-25 14:56:48,978] root INFO:    / ____/      __   / __ \____ _      ______  / /___  ____ _____/ /
[2016-10-25 14:56:48,979] root INFO:   / /_  | | /| / /  / / / / __ \ | /| / / __ \/ / __ \/ __ `/ __  / 
[2016-10-25 14:56:48,979] root INFO:  / __/  | |/ |/ /  / /_/ / /_/ / |/ |/ / / / / / /_/ / /_/ / /_/ /  
[2016-10-25 14:56:48,980] root INFO: /_/     |__/|__/  /_____/\____/|__/|__/_/ /_/_/\____/\__,_/\__,_/   
[2016-10-25 14:56:58,109] root INFO: in case 5, check net, network ok, No new available, origine still ok
[2016-10-25 14:56:58,110] root INFO: fw ok, can download
[2016-10-25 15:02:15,363] root INFO: Started
[2016-10-25 15:02:15,365] root INFO:     ______            ____                      __                __
[2016-10-25 15:02:15,366] root INFO:    / ____/      __   / __ \____ _      ______  / /___  ____ _____/ /
[2016-10-25 15:02:15,366] root INFO:   / /_  | | /| / /  / / / / __ \ | /| / / __ \/ / __ \/ __ `/ __  / 
[2016-10-25 15:02:15,366] root INFO:  / __/  | |/ |/ /  / /_/ / /_/ / |/ |/ / / / / / /_/ / /_/ / /_/ /  
[2016-10-25 15:02:15,367] root INFO: /_/     |__/|__/  /_____/\____/|__/|__/_/ /_/_/\____/\__,_/\__,_/   
[2016-10-25 15:02:24,503] root INFO: in case 5, check net, network ok, No new available, origine still ok
[2016-10-25 15:02:24,504] root INFO: fw ok, can download
[2016-10-25 15:19:08,640] root INFO: Started
[2016-10-25 15:19:08,643] root INFO:     ______            ____                      __                __
[2016-10-25 15:19:08,643] root INFO:    / ____/      __   / __ \____ _      ______  / /___  ____ _____/ /
[2016-10-25 15:19:08,644] root INFO:   / /_  | | /| / /  / / / / __ \ | /| / / __ \/ / __ \/ __ `/ __  / 
[2016-10-25 15:19:08,644] root INFO:  / __/  | |/ |/ /  / /_/ / /_/ / |/ |/ / / / / / /_/ / /_/ / /_/ /  
[2016-10-25 15:19:08,645] root INFO: /_/     |__/|__/  /_____/\____/|__/|__/_/ /_/_/\____/\__,_/\__,_/   
[2016-10-25 15:19:17,819] root INFO: in case 5, check net, network ok, No new available, origine still ok
[2016-10-25 15:19:17,819] root INFO: fw ok, can download
[2016-10-25 15:23:09,266] root INFO: Started
[2016-10-25 15:23:09,268] root INFO:     ______            ____                      __                __
[2016-10-25 15:23:09,269] root INFO:    / ____/      __   / __ \____ _      ______  / /___  ____ _____/ /
[2016-10-25 15:23:09,269] root INFO:   / /_  | | /| / /  / / / / __ \ | /| / / __ \/ / __ \/ __ `/ __  / 
[2016-10-25 15:23:09,270] root INFO:  / __/  | |/ |/ /  / /_/ / /_/ / |/ |/ / / / / / /_/ / /_/ / /_/ /  
[2016-10-25 15:23:09,270] root INFO: /_/     |__/|__/  /_____/\____/|__/|__/_/ /_/_/\____/\__,_/\__,_/   
[2016-10-25 15:23:18,380] root INFO: in case 5, check net, network ok, No new available, origine still ok
[2016-10-25 15:23:18,381] root INFO: fw ok, can download
[2016-10-25 16:22:13,046] root INFO: Started
[2016-10-25 16:22:13,048] root INFO:     ______            ____                      __                __
[2016-10-25 16:22:13,049] root INFO:    / ____/      __   / __ \____ _      ______  / /___  ____ _____/ /
[2016-10-25 16:22:13,049] root INFO:   / /_  | | /| / /  / / / / __ \ | /| / / __ \/ / __ \/ __ `/ __  / 
[2016-10-25 16:22:13,050] root INFO:  / __/  | |/ |/ /  / /_/ / /_/ / |/ |/ / / / / / /_/ / /_/ / /_/ /  
[2016-10-25 16:22:13,050] root INFO: /_/     |__/|__/  /_____/\____/|__/|__/_/ /_/_/\____/\__,_/\__,_/   
[2016-10-25 16:22:22,159] root INFO: in case 5, check net, network ok, No new available, origine still ok
[2016-10-25 16:22:22,160] root INFO: fw ok, can download
[2016-10-25 16:24:50,282] root INFO: Started
[2016-10-25 16:24:50,284] root INFO:     ______            ____                      __                __
[2016-10-25 16:24:50,285] root INFO:    / ____/      __   / __ \____ _      ______  / /___  ____ _____/ /
[2016-10-25 16:24:50,285] root INFO:   / /_  | | /| / /  / / / / __ \ | /| / / __ \/ / __ \/ __ `/ __  / 
[2016-10-25 16:24:50,286] root INFO:  / __/  | |/ |/ /  / /_/ / /_/ / |/ |/ / / / / / /_/ / /_/ / /_/ /  
[2016-10-25 16:24:50,286] root INFO: /_/     |__/|__/  /_____/\____/|__/|__/_/ /_/_/\____/\__,_/\__,_/   
[2016-10-25 16:24:59,406] root INFO: in case 5, check net, network ok, No new available, origine still ok
[2016-10-25 16:24:59,407] root INFO: fw ok, can download
[2016-10-25 17:13:08,388] root INFO: Started
[2016-10-25 17:13:08,390] root INFO:     ______            ____                      __                __
[2016-10-25 17:13:08,391] root INFO:    / ____/      __   / __ \____ _      ______  / /___  ____ _____/ /
[2016-10-25 17:13:08,391] root INFO:   / /_  | | /| / /  / / / / __ \ | /| / / __ \/ / __ \/ __ `/ __  / 
[2016-10-25 17:13:08,392] root INFO:  / __/  | |/ |/ /  / /_/ / /_/ / |/ |/ / / / / / /_/ / /_/ / /_/ /  
[2016-10-25 17:13:08,392] root INFO: /_/     |__/|__/  /_____/\____/|__/|__/_/ /_/_/\____/\__,_/\__,_/   
[2016-10-25 17:13:17,501] root INFO: in case 5, check net, network ok, No new available, origine still ok
[2016-10-25 17:13:17,502] root INFO: fw ok, can download
[2016-10-25 17:29:02,916] root INFO: Started
[2016-10-25 17:29:02,918] root INFO:     ______            ____                      __                __
[2016-10-25 17:29:02,919] root INFO:    / ____/      __   / __ \____ _      ______  / /___  ____ _____/ /
[2016-10-25 17:29:02,919] root INFO:   / /_  | | /| / /  / / / / __ \ | /| / / __ \/ / __ \/ __ `/ __  / 
[2016-10-25 17:29:02,920] root INFO:  / __/  | |/ |/ /  / /_/ / /_/ / |/ |/ / / / / / /_/ / /_/ / /_/ /  
[2016-10-25 17:29:02,920] root INFO: /_/     |__/|__/  /_____/\____/|__/|__/_/ /_/_/\____/\__,_/\__,_/   
[2016-10-25 17:29:12,024] root INFO: in case 5, check net, network ok, No new available, origine still ok
[2016-10-25 17:29:12,025] root INFO: fw ok, can download
[2016-10-25 17:30:51,681] root INFO: Started
[2016-10-25 17:30:51,683] root INFO:     ______            ____                      __                __
[2016-10-25 17:30:51,683] root INFO:    / ____/      __   / __ \____ _      ______  / /___  ____ _____/ /
[2016-10-25 17:30:51,684] root INFO:   / /_  | | /| / /  / / / / __ \ | /| / / __ \/ / __ \/ __ `/ __  / 
[2016-10-25 17:30:51,684] root INFO:  / __/  | |/ |/ /  / /_/ / /_/ / |/ |/ / / / / / /_/ / /_/ / /_/ /  
[2016-10-25 17:30:51,685] root INFO: /_/     |__/|__/  /_____/\____/|__/|__/_/ /_/_/\____/\__,_/\__,_/   
[2016-10-25 17:31:02,831] root INFO: in case 5, check net, network ok, No new available, origine still ok
[2016-10-25 17:31:02,832] root INFO: fw ok, can download
[2016-10-25 17:36:53,553] root INFO: Started
[2016-10-25 17:36:53,556] root INFO:     ______            ____                      __                __
[2016-10-25 17:36:53,556] root INFO:    / ____/      __   / __ \____ _      ______  / /___  ____ _____/ /
[2016-10-25 17:36:53,557] root INFO:   / /_  | | /| / /  / / / / __ \ | /| / / __ \/ / __ \/ __ `/ __  / 
[2016-10-25 17:36:53,558] root INFO:  / __/  | |/ |/ /  / /_/ / /_/ / |/ |/ / / / / / /_/ / /_/ / /_/ /  
[2016-10-25 17:36:53,558] root INFO: /_/     |__/|__/  /_____/\____/|__/|__/_/ /_/_/\____/\__,_/\__,_/   
[2016-10-25 17:37:02,683] root INFO: in case 5, check net, network ok, No new available, origine still ok
[2016-10-25 17:37:02,684] root INFO: fw ok, can download
[2016-10-25 17:39:51,888] root INFO: Started
[2016-10-25 17:39:51,890] root INFO:     ______            ____                      __                __
[2016-10-25 17:39:51,891] root INFO:    / ____/      __   / __ \____ _      ______  / /___  ____ _____/ /
[2016-10-25 17:39:51,891] root INFO:   / /_  | | /| / /  / / / / __ \ | /| / / __ \/ / __ \/ __ `/ __  / 
[2016-10-25 17:39:51,892] root INFO:  / __/  | |/ |/ /  / /_/ / /_/ / |/ |/ / / / / / /_/ / /_/ / /_/ /  
[2016-10-25 17:39:51,892] root INFO: /_/     |__/|__/  /_____/\____/|__/|__/_/ /_/_/\____/\__,_/\__,_/   
[2016-10-25 17:40:01,021] root INFO: in case 5, check net, network ok, No new available, origine still ok
[2016-10-25 17:40:01,022] root INFO: fw ok, can download
[2016-10-25 18:06:18,470] root INFO: Started
[2016-10-25 18:06:18,473] root INFO:     ______            ____                      __                __
[2016-10-25 18:06:18,473] root INFO:    / ____/      __   / __ \____ _      ______  / /___  ____ _____/ /
[2016-10-25 18:06:18,473] root INFO:   / /_  | | /| / /  / / / / __ \ | /| / / __ \/ / __ \/ __ `/ __  / 
[2016-10-25 18:06:18,474] root INFO:  / __/  | |/ |/ /  / /_/ / /_/ / |/ |/ / / / / / /_/ / /_/ / /_/ /  
[2016-10-25 18:06:18,474] root INFO: /_/     |__/|__/  /_____/\____/|__/|__/_/ /_/_/\____/\__,_/\__,_/   
[2016-10-25 18:06:27,607] root INFO: in case 5, check net, network ok, No new available, origine still ok
[2016-10-25 18:06:27,607] root INFO: fw ok, can download
[2016-10-26 09:16:47,935] root INFO: Started
[2016-10-26 09:16:47,938] root INFO:     ______            ____                      __                __
[2016-10-26 09:16:47,938] root INFO:    / ____/      __   / __ \____ _      ______  / /___  ____ _____/ /
[2016-10-26 09:16:47,939] root INFO:   / /_  | | /| / /  / / / / __ \ | /| / / __ \/ / __ \/ __ `/ __  / 
[2016-10-26 09:16:47,939] root INFO:  / __/  | |/ |/ /  / /_/ / /_/ / |/ |/ / / / / / /_/ / /_/ / /_/ /  
[2016-10-26 09:16:47,940] root INFO: /_/     |__/|__/  /_____/\____/|__/|__/_/ /_/_/\____/\__,_/\__,_/   
[2016-10-26 09:16:57,063] root INFO: in case 5, check net, network ok, No new available, origine still ok
[2016-10-26 09:16:57,064] root INFO: fw ok, can download
[2016-10-26 10:21:40,424] root INFO: Started
[2016-10-26 10:21:40,437] root INFO:     ______            ____                      __                __
[2016-10-26 10:21:40,438] root INFO:    / ____/      __   / __ \____ _      ______  / /___  ____ _____/ /
[2016-10-26 10:21:40,438] root INFO:   / /_  | | /| / /  / / / / __ \ | /| / / __ \/ / __ \/ __ `/ __  / 
[2016-10-26 10:21:40,438] root INFO:  / __/  | |/ |/ /  / /_/ / /_/ / |/ |/ / / / / / /_/ / /_/ / /_/ /  
[2016-10-26 10:21:40,439] root INFO: /_/     |__/|__/  /_____/\____/|__/|__/_/ /_/_/\____/\__,_/\__,_/   
[2016-10-26 10:21:49,567] root INFO: in case 5, check net, network ok, No new available, origine still ok
[2016-10-26 10:21:49,568] root INFO: fw ok, can download
[2016-10-26 10:41:20,958] root INFO: Started
[2016-10-26 10:41:20,962] root INFO:     ______            ____                      __                __
[2016-10-26 10:41:20,962] root INFO:    / ____/      __   / __ \____ _      ______  / /___  ____ _____/ /
[2016-10-26 10:41:20,963] root INFO:   / /_  | | /| / /  / / / / __ \ | /| / / __ \/ / __ \/ __ `/ __  / 
[2016-10-26 10:41:20,963] root INFO:  / __/  | |/ |/ /  / /_/ / /_/ / |/ |/ / / / / / /_/ / /_/ / /_/ /  
[2016-10-26 10:41:20,963] root INFO: /_/     |__/|__/  /_____/\____/|__/|__/_/ /_/_/\____/\__,_/\__,_/   
[2016-10-26 10:41:30,088] root INFO: in case 5, check net, network ok, No new available, origine still ok
[2016-10-26 10:41:30,089] root INFO: fw ok, can download
[2016-10-26 16:33:04,072] root INFO: Started
[2016-10-26 16:33:04,074] root INFO:     ______            ____                      __                __
[2016-10-26 16:33:04,074] root INFO:    / ____/      __   / __ \____ _      ______  / /___  ____ _____/ /
[2016-10-26 16:33:04,075] root INFO:   / /_  | | /| / /  / / / / __ \ | /| / / __ \/ / __ \/ __ `/ __  / 
[2016-10-26 16:33:04,075] root INFO:  / __/  | |/ |/ /  / /_/ / /_/ / |/ |/ / / / / / /_/ / /_/ / /_/ /  
[2016-10-26 16:33:04,075] root INFO: /_/     |__/|__/  /_____/\____/|__/|__/_/ /_/_/\____/\__,_/\__,_/   
[2016-10-26 16:33:14,810] root INFO: in case 5, check net, network ok, No new available, origine still ok
[2016-10-26 16:33:14,811] root INFO: fw ok, can download
[2016-10-26 17:32:59,866] root INFO: Started
[2016-10-26 17:32:59,868] root INFO:     ______            ____                      __                __
[2016-10-26 17:32:59,869] root INFO:    / ____/      __   / __ \____ _      ______  / /___  ____ _____/ /
[2016-10-26 17:32:59,869] root INFO:   / /_  | | /| / /  / / / / __ \ | /| / / __ \/ / __ \/ __ `/ __  / 
[2016-10-26 17:32:59,869] root INFO:  / __/  | |/ |/ /  / /_/ / /_/ / |/ |/ / / / / / /_/ / /_/ / /_/ /  
[2016-10-26 17:32:59,869] root INFO: /_/     |__/|__/  /_____/\____/|__/|__/_/ /_/_/\____/\__,_/\__,_/   
[2016-10-26 17:33:09,491] root INFO: in case 5, check net, network ok, No new available, origine still ok
[2016-10-26 17:33:09,491] root INFO: fw ok, can download
[2016-10-27 14:24:36,146] root INFO: Started
[2016-10-27 14:24:36,149] root INFO:     ______            ____                      __                __
[2016-10-27 14:24:36,149] root INFO:    / ____/      __   / __ \____ _      ______  / /___  ____ _____/ /
[2016-10-27 14:24:36,149] root INFO:   / /_  | | /| / /  / / / / __ \ | /| / / __ \/ / __ \/ __ `/ __  / 
[2016-10-27 14:24:36,150] root INFO:  / __/  | |/ |/ /  / /_/ / /_/ / |/ |/ / / / / / /_/ / /_/ / /_/ /  
[2016-10-27 14:24:36,150] root INFO: /_/     |__/|__/  /_____/\____/|__/|__/_/ /_/_/\____/\__,_/\__,_/   
[2016-10-27 14:24:45,237] root INFO: in case 5, check net, network ok, No new available, origine still ok
[2016-10-27 14:24:45,238] root INFO: fw ok, can download
[2016-10-27 15:26:23,459] root INFO: Started
[2016-10-27 15:26:23,461] root INFO:     ______            ____                      __                __
[2016-10-27 15:26:23,462] root INFO:    / ____/      __   / __ \____ _      ______  / /___  ____ _____/ /
[2016-10-27 15:26:23,462] root INFO:   / /_  | | /| / /  / / / / __ \ | /| / / __ \/ / __ \/ __ `/ __  / 
[2016-10-27 15:26:23,462] root INFO:  / __/  | |/ |/ /  / /_/ / /_/ / |/ |/ / / / / / /_/ / /_/ / /_/ /  
[2016-10-27 15:26:23,462] root INFO: /_/     |__/|__/  /_____/\____/|__/|__/_/ /_/_/\____/\__,_/\__,_/   
[2016-10-27 15:26:32,549] root INFO: in case 5, check net, network ok, No new available, origine still ok
[2016-10-27 15:26:32,550] root INFO: fw ok, can download
[2016-10-27 15:26:25,631] root INFO: Started
[2016-10-27 15:26:25,633] root INFO:     ______            ____                      __                __
[2016-10-27 15:26:25,633] root INFO:    / ____/      __   / __ \____ _      ______  / /___  ____ _____/ /
[2016-10-27 15:26:25,633] root INFO:   / /_  | | /| / /  / / / / __ \ | /| / / __ \/ / __ \/ __ `/ __  / 
[2016-10-27 15:26:25,633] root INFO:  / __/  | |/ |/ /  / /_/ / /_/ / |/ |/ / / / / / /_/ / /_/ / /_/ /  
[2016-10-27 15:26:25,634] root INFO: /_/     |__/|__/  /_____/\____/|__/|__/_/ /_/_/\____/\__,_/\__,_/   
[2016-10-27 15:26:35,710] root INFO: in case 8, check net but network Fail, use origine,  origine ok
[2016-10-27 15:26:35,711] root INFO: fw ok, can download
[2016-10-27 15:26:24,939] root INFO: Started
[2016-10-27 15:26:24,945] root INFO:     ______            ____                      __                __
[2016-10-27 15:26:24,946] root INFO:    / ____/      __   / __ \____ _      ______  / /___  ____ _____/ /
[2016-10-27 15:26:24,946] root INFO:   / /_  | | /| / /  / / / / __ \ | /| / / __ \/ / __ \/ __ `/ __  / 
[2016-10-27 15:26:24,947] root INFO:  / __/  | |/ |/ /  / /_/ / /_/ / |/ |/ / / / / / /_/ / /_/ / /_/ /  
[2016-10-27 15:26:24,947] root INFO: /_/     |__/|__/  /_____/\____/|__/|__/_/ /_/_/\____/\__,_/\__,_/   
[2016-10-27 15:26:34,999] root INFO: in case 8, check net but network Fail, use origine,  origine ok
[2016-10-27 15:26:34,999] root INFO: fw ok, can download
[2016-10-27 15:26:24,888] root INFO: Started
[2016-10-27 15:26:24,889] root INFO:     ______            ____                      __                __
[2016-10-27 15:26:24,890] root INFO:    / ____/      __   / __ \____ _      ______  / /___  ____ _____/ /
[2016-10-27 15:26:24,890] root INFO:   / /_  | | /| / /  / / / / __ \ | /| / / __ \/ / __ \/ __ `/ __  / 
[2016-10-27 15:26:24,890] root INFO:  / __/  | |/ |/ /  / /_/ / /_/ / |/ |/ / / / / / /_/ / /_/ / /_/ /  
[2016-10-27 15:26:24,890] root INFO: /_/     |__/|__/  /_____/\____/|__/|__/_/ /_/_/\____/\__,_/\__,_/   
[2016-10-27 15:26:33,970] root INFO: in case 5, check net, network ok, No new available, origine still ok
[2016-10-27 15:26:33,970] root INFO: fw ok, can download
[2016-10-27 15:26:19,502] root INFO: Started
[2016-10-27 15:26:19,505] root INFO:     ______            ____                      __                __
[2016-10-27 15:26:19,505] root INFO:    / ____/      __   / __ \____ _      ______  / /___  ____ _____/ /
[2016-10-27 15:26:19,505] root INFO:   / /_  | | /| / /  / / / / __ \ | /| / / __ \/ / __ \/ __ `/ __  / 
[2016-10-27 15:26:19,505] root INFO:  / __/  | |/ |/ /  / /_/ / /_/ / |/ |/ / / / / / /_/ / /_/ / /_/ /  
[2016-10-27 15:26:19,506] root INFO: /_/     |__/|__/  /_____/\____/|__/|__/_/ /_/_/\____/\__,_/\__,_/   
[2016-10-27 15:26:28,564] root INFO: in case 8, check net but network Fail, use origine,  origine ok
[2016-10-27 15:26:28,565] root INFO: fw ok, can download
[2016-10-28 09:29:51,812] root INFO: Started
[2016-10-28 09:29:51,815] root INFO:     ______            ____                      __                __
[2016-10-28 09:29:51,816] root INFO:    / ____/      __   / __ \____ _      ______  / /___  ____ _____/ /
[2016-10-28 09:29:51,816] root INFO:   / /_  | | /| / /  / / / / __ \ | /| / / __ \/ / __ \/ __ `/ __  / 
[2016-10-28 09:29:51,816] root INFO:  / __/  | |/ |/ /  / /_/ / /_/ / |/ |/ / / / / / /_/ / /_/ / /_/ /  
[2016-10-28 09:29:51,816] root INFO: /_/     |__/|__/  /_____/\____/|__/|__/_/ /_/_/\____/\__,_/\__,_/   
[2016-10-28 09:30:00,895] root INFO: in case 5, check net, network ok, No new available, origine still ok
[2016-10-28 09:30:00,896] root INFO: fw ok, can download
[2016-10-28 09:29:49,998] root INFO: Started
[2016-10-28 09:29:50,001] root INFO:     ______            ____                      __                __
[2016-10-28 09:29:50,001] root INFO:    / ____/      __   / __ \____ _      ______  / /___  ____ _____/ /
[2016-10-28 09:29:50,001] root INFO:   / /_  | | /| / /  / / / / __ \ | /| / / __ \/ / __ \/ __ `/ __  / 
[2016-10-28 09:29:50,002] root INFO:  / __/  | |/ |/ /  / /_/ / /_/ / |/ |/ / / / / / /_/ / /_/ / /_/ /  
[2016-10-28 09:29:50,002] root INFO: /_/     |__/|__/  /_____/\____/|__/|__/_/ /_/_/\____/\__,_/\__,_/   
[2016-10-28 09:30:00,044] root INFO: in case 8, check net but network Fail, use origine,  origine ok
[2016-10-28 09:30:00,044] root INFO: fw ok, can download
